<?xml version="1.0" encoding="UTF-8"?>
<!-- Generated by org.testng.reporters.JUnitXMLReporter -->
<testsuite hostname="MoazAdel" ignored="0" name="firefoxTest" tests="4" failures="1" timestamp="2019-09-04T12:45:00 EET" time="23.277" errors="0">
  <testcase name="userLogin" time="4.553" classname="tests.CheckOutTest"/>
  <testcase name="userSearch" time="4.964" classname="tests.CheckOutTest"/>
  <testcase name="userAddProductToCart" time="3.94" classname="tests.CheckOutTest"/>
  <testcase name="userCheckOut" time="2.716" classname="tests.CheckOutTest">
    <failure type="org.openqa.selenium.ElementNotInteractableException" message="Element &amp;lt;input id=&amp;quot;BillingNewAddress_FirstName&amp;quot; name=&amp;quot;BillingNewAddress.FirstName&amp;quot; type=&amp;quot;text&amp;quot;&amp;gt; could not be scrolled into view
Build info: version: &amp;apos;4.0.0-alpha-2&amp;apos;, revision: &amp;apos;f148142cf8&amp;apos;, time: &amp;apos;2019-07-01T20:55:26&amp;apos;
System info: host: &amp;apos;MoazAdel&amp;apos;, ip: &amp;apos;127.0.1.1&amp;apos;, os.name: &amp;apos;Linux&amp;apos;, os.arch: &amp;apos;amd64&amp;apos;, os.version: &amp;apos;4.15.0-58-generic&amp;apos;, java.version: &amp;apos;1.8.0_201&amp;apos;
Driver info: org.openqa.selenium.firefox.FirefoxDriver
Capabilities {acceptInsecureCerts: true, browserName: firefox, browserVersion: 68.0.2, javascriptEnabled: true, moz:accessibilityChecks: false, moz:buildID: 20190814054548, moz:geckodriverVersion: 0.24.0, moz:headless: false, moz:processID: 10829, moz:profile: /tmp/rust_mozprofile.jNY2Br..., moz:shutdownTimeout: 60000, moz:useNonSpecCompliantPointerOrigin: false, moz:webdriverClick: true, pageLoadStrategy: normal, platform: LINUX, platformName: LINUX, platformVersion: 4.15.0-58-generic, rotatable: false, setWindowRect: true, strictFileInteractability: false, timeouts: {implicit: 0, pageLoad: 300000, script: 30000}, unhandledPromptBehavior: dismiss and notify}
Session ID: 148901d6-8e9d-43b4-97f5-cb97ac4ea1b2">
      <![CDATA[org.openqa.selenium.ElementNotInteractableException: Element <input id="BillingNewAddress_FirstName" name="BillingNewAddress.FirstName" type="text"> could not be scrolled into view
Build info: version: '4.0.0-alpha-2', revision: 'f148142cf8', time: '2019-07-01T20:55:26'
System info: host: 'MoazAdel', ip: '127.0.1.1', os.name: 'Linux', os.arch: 'amd64', os.version: '4.15.0-58-generic', java.version: '1.8.0_201'
Driver info: org.openqa.selenium.firefox.FirefoxDriver
Capabilities {acceptInsecureCerts: true, browserName: firefox, browserVersion: 68.0.2, javascriptEnabled: true, moz:accessibilityChecks: false, moz:buildID: 20190814054548, moz:geckodriverVersion: 0.24.0, moz:headless: false, moz:processID: 10829, moz:profile: /tmp/rust_mozprofile.jNY2Br..., moz:shutdownTimeout: 60000, moz:useNonSpecCompliantPointerOrigin: false, moz:webdriverClick: true, pageLoadStrategy: normal, platform: LINUX, platformName: LINUX, platformVersion: 4.15.0-58-generic, rotatable: false, setWindowRect: true, strictFileInteractability: false, timeouts: {implicit: 0, pageLoad: 300000, script: 30000}, unhandledPromptBehavior: dismiss and notify}
Session ID: 148901d6-8e9d-43b4-97f5-cb97ac4ea1b2
at org.openqa.selenium.remote.codec.w3c.W3CHttpResponseCodec.createException(W3CHttpResponseCodec.java:191)
at org.openqa.selenium.remote.codec.w3c.W3CHttpResponseCodec.decode(W3CHttpResponseCodec.java:125)
at org.openqa.selenium.remote.codec.w3c.W3CHttpResponseCodec.decode(W3CHttpResponseCodec.java:52)
at org.openqa.selenium.remote.HttpCommandExecutor.execute(HttpCommandExecutor.java:161)
at org.openqa.selenium.remote.service.DriverCommandExecutor.execute(DriverCommandExecutor.java:83)
at org.openqa.selenium.remote.RemoteWebDriver.execute(RemoteWebDriver.java:576)
at org.openqa.selenium.remote.RemoteWebElement.execute(RemoteWebElement.java:308)
at org.openqa.selenium.remote.RemoteWebElement.clear(RemoteWebElement.java:126)
at org.openqa.selenium.support.pagefactory.internal.LocatingElementHandler.invoke(LocatingElementHandler.java:52)
at com.sun.proxy.$Proxy9.clear(Unknown Source)
at pages.PageBase.clearText(PageBase.java:34)
at pages.CheckOutPage.checkOut(CheckOutPage.java:93)
at tests.CheckOutTest.userCheckOut(CheckOutTest.java:43)
at java.util.ArrayList.forEach(ArrayList.java:1257)
... Removed 39 stack frames]]>
    </failure>
  </testcase> <!-- userCheckOut -->
</testsuite> <!-- firefoxTest -->
