<?xml version="1.0" encoding="UTF-8"?>
<testng-results skipped="0" failed="1" ignored="0" total="4" passed="3">
  <reporter-output>
  </reporter-output>
  <suite name="nopcommerce Regression Test" duration-ms="23277" started-at="2019-09-04T12:44:36 EET" finished-at="2019-09-04T12:45:00 EET">
    <groups>
    </groups>
    <test name="firefoxTest" duration-ms="23277" started-at="2019-09-04T12:44:36 EET" finished-at="2019-09-04T12:45:00 EET">
      <class name="tests.CheckOutTest">
        <test-method status="PASS" signature="startDriver(java.lang.String)[pri:0, instance:tests.CheckOutTest@7ac7a4e4]" name="startDriver" is-config="true" duration-ms="6947" started-at="2019-09-04T12:44:36 EET" finished-at="2019-09-04T12:44:43 EET">
          <params>
            <param index="0">
              <value>
                <![CDATA[firefox]]>
              </value>
            </param>
          </params>
          <reporter-output>
          </reporter-output>
        </test-method> <!-- startDriver -->
        <test-method status="PASS" signature="userLogin()[pri:1, instance:tests.CheckOutTest@7ac7a4e4]" name="userLogin" duration-ms="4553" started-at="2019-09-04T12:44:43 EET" finished-at="2019-09-04T12:44:48 EET">
          <reporter-output>
          </reporter-output>
        </test-method> <!-- userLogin -->
        <test-method status="PASS" signature="screenshotOnFailure(org.testng.ITestResult)[pri:0, instance:tests.CheckOutTest@7ac7a4e4]" name="screenshotOnFailure" is-config="true" duration-ms="2" started-at="2019-09-04T12:44:48 EET" finished-at="2019-09-04T12:44:48 EET">
          <params>
            <param index="0">
              <value>
                <![CDATA[[TestResult name=userLogin status=SUCCESS method=CheckOutTest.userLogin()[pri:1, instance:tests.CheckOutTest@7ac7a4e4] output={null}]]]>
              </value>
            </param>
          </params>
          <reporter-output>
          </reporter-output>
        </test-method> <!-- screenshotOnFailure -->
        <test-method status="PASS" signature="userSearch()[pri:2, instance:tests.CheckOutTest@7ac7a4e4]" name="userSearch" duration-ms="4964" started-at="2019-09-04T12:44:48 EET" finished-at="2019-09-04T12:44:53 EET">
          <reporter-output>
          </reporter-output>
        </test-method> <!-- userSearch -->
        <test-method status="PASS" signature="screenshotOnFailure(org.testng.ITestResult)[pri:0, instance:tests.CheckOutTest@7ac7a4e4]" name="screenshotOnFailure" is-config="true" duration-ms="0" started-at="2019-09-04T12:44:53 EET" finished-at="2019-09-04T12:44:53 EET">
          <params>
            <param index="0">
              <value>
                <![CDATA[[TestResult name=userSearch status=SUCCESS method=CheckOutTest.userSearch()[pri:2, instance:tests.CheckOutTest@7ac7a4e4] output={null}]]]>
              </value>
            </param>
          </params>
          <reporter-output>
          </reporter-output>
        </test-method> <!-- screenshotOnFailure -->
        <test-method status="PASS" signature="userAddProductToCart()[pri:3, instance:tests.CheckOutTest@7ac7a4e4]" name="userAddProductToCart" duration-ms="3940" started-at="2019-09-04T12:44:53 EET" finished-at="2019-09-04T12:44:57 EET">
          <reporter-output>
          </reporter-output>
        </test-method> <!-- userAddProductToCart -->
        <test-method status="PASS" signature="screenshotOnFailure(org.testng.ITestResult)[pri:0, instance:tests.CheckOutTest@7ac7a4e4]" name="screenshotOnFailure" is-config="true" duration-ms="1" started-at="2019-09-04T12:44:57 EET" finished-at="2019-09-04T12:44:57 EET">
          <params>
            <param index="0">
              <value>
                <![CDATA[[TestResult name=userAddProductToCart status=SUCCESS method=CheckOutTest.userAddProductToCart()[pri:3, instance:tests.CheckOutTest@7ac7a4e4] output={null}]]]>
              </value>
            </param>
          </params>
          <reporter-output>
          </reporter-output>
        </test-method> <!-- screenshotOnFailure -->
        <test-method status="FAIL" signature="userCheckOut()[pri:4, instance:tests.CheckOutTest@7ac7a4e4]" name="userCheckOut" duration-ms="2716" started-at="2019-09-04T12:44:57 EET" finished-at="2019-09-04T12:45:00 EET">
          <exception class="org.openqa.selenium.ElementNotInteractableException">
            <message>
              <![CDATA[Element <input id="BillingNewAddress_FirstName" name="BillingNewAddress.FirstName" type="text"> could not be scrolled into view
Build info: version: '4.0.0-alpha-2', revision: 'f148142cf8', time: '2019-07-01T20:55:26'
System info: host: 'MoazAdel', ip: '127.0.1.1', os.name: 'Linux', os.arch: 'amd64', os.version: '4.15.0-58-generic', java.version: '1.8.0_201'
Driver info: org.openqa.selenium.firefox.FirefoxDriver
Capabilities {acceptInsecureCerts: true, browserName: firefox, browserVersion: 68.0.2, javascriptEnabled: true, moz:accessibilityChecks: false, moz:buildID: 20190814054548, moz:geckodriverVersion: 0.24.0, moz:headless: false, moz:processID: 10829, moz:profile: /tmp/rust_mozprofile.jNY2Br..., moz:shutdownTimeout: 60000, moz:useNonSpecCompliantPointerOrigin: false, moz:webdriverClick: true, pageLoadStrategy: normal, platform: LINUX, platformName: LINUX, platformVersion: 4.15.0-58-generic, rotatable: false, setWindowRect: true, strictFileInteractability: false, timeouts: {implicit: 0, pageLoad: 300000, script: 30000}, unhandledPromptBehavior: dismiss and notify}
Session ID: 148901d6-8e9d-43b4-97f5-cb97ac4ea1b2]]>
            </message>
            <full-stacktrace>
              <![CDATA[org.openqa.selenium.ElementNotInteractableException: Element <input id="BillingNewAddress_FirstName" name="BillingNewAddress.FirstName" type="text"> could not be scrolled into view
Build info: version: '4.0.0-alpha-2', revision: 'f148142cf8', time: '2019-07-01T20:55:26'
System info: host: 'MoazAdel', ip: '127.0.1.1', os.name: 'Linux', os.arch: 'amd64', os.version: '4.15.0-58-generic', java.version: '1.8.0_201'
Driver info: org.openqa.selenium.firefox.FirefoxDriver
Capabilities {acceptInsecureCerts: true, browserName: firefox, browserVersion: 68.0.2, javascriptEnabled: true, moz:accessibilityChecks: false, moz:buildID: 20190814054548, moz:geckodriverVersion: 0.24.0, moz:headless: false, moz:processID: 10829, moz:profile: /tmp/rust_mozprofile.jNY2Br..., moz:shutdownTimeout: 60000, moz:useNonSpecCompliantPointerOrigin: false, moz:webdriverClick: true, pageLoadStrategy: normal, platform: LINUX, platformName: LINUX, platformVersion: 4.15.0-58-generic, rotatable: false, setWindowRect: true, strictFileInteractability: false, timeouts: {implicit: 0, pageLoad: 300000, script: 30000}, unhandledPromptBehavior: dismiss and notify}
Session ID: 148901d6-8e9d-43b4-97f5-cb97ac4ea1b2
at sun.reflect.NativeConstructorAccessorImpl.newInstance0(Native Method)
at sun.reflect.NativeConstructorAccessorImpl.newInstance(NativeConstructorAccessorImpl.java:62)
at sun.reflect.DelegatingConstructorAccessorImpl.newInstance(DelegatingConstructorAccessorImpl.java:45)
at java.lang.reflect.Constructor.newInstance(Constructor.java:423)
at org.openqa.selenium.remote.codec.w3c.W3CHttpResponseCodec.createException(W3CHttpResponseCodec.java:191)
at org.openqa.selenium.remote.codec.w3c.W3CHttpResponseCodec.decode(W3CHttpResponseCodec.java:125)
at org.openqa.selenium.remote.codec.w3c.W3CHttpResponseCodec.decode(W3CHttpResponseCodec.java:52)
at org.openqa.selenium.remote.HttpCommandExecutor.execute(HttpCommandExecutor.java:161)
at org.openqa.selenium.remote.service.DriverCommandExecutor.execute(DriverCommandExecutor.java:83)
at org.openqa.selenium.remote.RemoteWebDriver.execute(RemoteWebDriver.java:576)
at org.openqa.selenium.remote.RemoteWebElement.execute(RemoteWebElement.java:308)
at org.openqa.selenium.remote.RemoteWebElement.clear(RemoteWebElement.java:126)
at sun.reflect.NativeMethodAccessorImpl.invoke0(Native Method)
at sun.reflect.NativeMethodAccessorImpl.invoke(NativeMethodAccessorImpl.java:62)
at sun.reflect.DelegatingMethodAccessorImpl.invoke(DelegatingMethodAccessorImpl.java:43)
at java.lang.reflect.Method.invoke(Method.java:498)
at org.openqa.selenium.support.pagefactory.internal.LocatingElementHandler.invoke(LocatingElementHandler.java:52)
at com.sun.proxy.$Proxy9.clear(Unknown Source)
at pages.PageBase.clearText(PageBase.java:34)
at pages.CheckOutPage.checkOut(CheckOutPage.java:93)
at tests.CheckOutTest.userCheckOut(CheckOutTest.java:43)
at sun.reflect.NativeMethodAccessorImpl.invoke0(Native Method)
at sun.reflect.NativeMethodAccessorImpl.invoke(NativeMethodAccessorImpl.java:62)
at sun.reflect.DelegatingMethodAccessorImpl.invoke(DelegatingMethodAccessorImpl.java:43)
at java.lang.reflect.Method.invoke(Method.java:498)
at org.testng.internal.MethodInvocationHelper.invokeMethod(MethodInvocationHelper.java:133)
at org.testng.internal.TestInvoker.invokeMethod(TestInvoker.java:584)
at org.testng.internal.TestInvoker.invokeTestMethod(TestInvoker.java:172)
at org.testng.internal.MethodRunner.runInSequence(MethodRunner.java:46)
at org.testng.internal.TestInvoker$MethodInvocationAgent.invoke(TestInvoker.java:804)
at org.testng.internal.TestInvoker.invokeTestMethods(TestInvoker.java:145)
at org.testng.internal.TestMethodWorker.invokeTestMethods(TestMethodWorker.java:146)
at org.testng.internal.TestMethodWorker.run(TestMethodWorker.java:128)
at java.util.ArrayList.forEach(ArrayList.java:1257)
at org.testng.TestRunner.privateRun(TestRunner.java:770)
at org.testng.TestRunner.run(TestRunner.java:591)
at org.testng.SuiteRunner.runTest(SuiteRunner.java:402)
at org.testng.SuiteRunner.runSequentially(SuiteRunner.java:396)
at org.testng.SuiteRunner.privateRun(SuiteRunner.java:355)
at org.testng.SuiteRunner.run(SuiteRunner.java:304)
at org.testng.SuiteRunnerWorker.runSuite(SuiteRunnerWorker.java:53)
at org.testng.SuiteRunnerWorker.run(SuiteRunnerWorker.java:96)
at org.testng.TestNG.runSuitesSequentially(TestNG.java:1180)
at org.testng.TestNG.runSuitesLocally(TestNG.java:1102)
at org.testng.TestNG.runSuites(TestNG.java:1032)
at org.testng.TestNG.run(TestNG.java:1000)
at org.apache.maven.surefire.testng.TestNGExecutor.run(TestNGExecutor.java:283)
at org.apache.maven.surefire.testng.TestNGXmlTestSuite.execute(TestNGXmlTestSuite.java:75)
at org.apache.maven.surefire.testng.TestNGProvider.invoke(TestNGProvider.java:120)
at org.apache.maven.surefire.booter.ForkedBooter.invokeProviderInSameClassLoader(ForkedBooter.java:384)
at org.apache.maven.surefire.booter.ForkedBooter.runSuitesInProcess(ForkedBooter.java:345)
at org.apache.maven.surefire.booter.ForkedBooter.execute(ForkedBooter.java:126)
at org.apache.maven.surefire.booter.ForkedBooter.main(ForkedBooter.java:418)
]]>
            </full-stacktrace>
          </exception> <!-- org.openqa.selenium.ElementNotInteractableException -->
          <reporter-output>
          </reporter-output>
        </test-method> <!-- userCheckOut -->
        <test-method status="PASS" signature="screenshotOnFailure(org.testng.ITestResult)[pri:0, instance:tests.CheckOutTest@7ac7a4e4]" name="screenshotOnFailure" is-config="true" duration-ms="98" started-at="2019-09-04T12:45:00 EET" finished-at="2019-09-04T12:45:00 EET">
          <params>
            <param index="0">
              <value>
                <![CDATA[[TestResult name=userCheckOut status=FAILURE method=CheckOutTest.userCheckOut()[pri:4, instance:tests.CheckOutTest@7ac7a4e4] output={null}]]]>
              </value>
            </param>
          </params>
          <reporter-output>
          </reporter-output>
        </test-method> <!-- screenshotOnFailure -->
        <test-method status="PASS" signature="stopDriver()[pri:0, instance:tests.CheckOutTest@7ac7a4e4]" name="stopDriver" is-config="true" duration-ms="2656" started-at="2019-09-04T12:45:00 EET" finished-at="2019-09-04T12:45:02 EET">
          <reporter-output>
          </reporter-output>
        </test-method> <!-- stopDriver -->
      </class> <!-- tests.CheckOutTest -->
    </test> <!-- firefoxTest -->
  </suite> <!-- nopcommerce Regression Test -->
</testng-results>
